OctSymPy v2.6.0: this is free software without warranty, see source.
Initializing communication with SymPy using a popen2() pipe.
Some output from the Python subprocess (pid 5381) might appear next.

OctSymPy: Communication established.  SymPy v1.1.1.
i(t) = (symfun)

    d        
  C⋅──(vo(t))
    dt       



KVL equation:
vi(t) = (symfun)

      d                
  C⋅R⋅──(vo(t)) + vo(t)
      dt               



Solution is of the formv(t) = (symfun) vo_f(t) + vo_n(t)


Natural solution:
vi(t) = (symfun) 0
i_n(t) = (symfun)

    d          
  C⋅──(vo_n(t))
    dt         



 Natural solution is of the formvo_n(t) = (symfun)

     t⋅wn
  A⋅ℯ    

ans = (sym)

     t⋅wn       d              
  A⋅ℯ     + C⋅R⋅──(vo_n(t)) = 0
                dt             

ans = (sym)

            t⋅wn      t⋅wn    
  A⋅C⋅R⋅wn⋅ℯ     + A⋅ℯ     = 0

ans = (sym) C⋅R⋅wn + 1 = 0
ans = (sym)

  -1 
  ───
  C⋅R

R =  1000
C =    1.0000e-07
f =  1000
Zc =  0.0000e+00 - 1.5915e+03i
Cgain =  0.71696 - 0.45048i
Gain =  0.84673
Phase = -0.56098
